<?xml version="1.0" encoding="UTF-8"?>
<testng-results skipped="0" failed="0" ignored="0" total="1" passed="1">
  <reporter-output>
  </reporter-output>
  <suite name="Default suite" duration-ms="14473" started-at="2017-05-28T19:11:30Z" finished-at="2017-05-28T19:11:44Z">
    <groups>
    </groups>
    <test name="Default test" duration-ms="14473" started-at="2017-05-28T19:11:30Z" finished-at="2017-05-28T19:11:44Z">
      <class name="com.org.learningMaven.HelloWorldTest">
        <test-method status="PASS" signature="login()[pri:0, instance:com.org.learningMaven.HelloWorldTest@1e88b3c]" name="login" duration-ms="14355" started-at="2017-05-29T00:41:30Z" finished-at="2017-05-29T00:41:44Z">
          <reporter-output>
          </reporter-output>
        </test-method> <!-- login -->
      </class> <!-- com.org.learningMaven.HelloWorldTest -->
    </test> <!-- Default test -->
  </suite> <!-- Default suite -->
</testng-results>
